{"name":"issue_123_should_be_fixed_now","testCaseName":"jirafileloader.SampleTestSuiteFailingTests","userStory":{"id":"jirafileloader.SampleFeature.SampleStory","storyName":"Sample story","storyClassName":"jirafileloader.SampleFeature$SampleStory","path":"jirafileloader.SampleFeature","feature":{"id":"jirafileloader.SampleFeature","name":"Sample feature"},"type":"story"},"title":"Test for issue #MYPROJECT-123","coreIssues":["#MYPROJECT-123"],"tags":[{"name":"Sample feature","type":"feature"},{"name":"Sample story","type":"story"}],"startTime":1468787662244,"duration":116,"testFailureCause":{"errorType":"java.lang.AssertionError","message":"expected:\u003c2\u003e but was:\u003c1\u003e","stackTrace":[{"declaringClass":"jirafileloader.SampleTestSuiteFailingTests","methodName":"issue_123_should_be_fixed_now","fileName":"SampleTestSuiteFailingTests.java","lineNumber":19}]},"testFailureClassname":"java.lang.AssertionError","testFailureMessage":"expected:\u003c2\u003e but was:\u003c1\u003e","annotatedResult":"FAILURE","manual":false,"testSource":"JUnit","result":"FAILURE","issues":["#MYPROJECT-123"]}